<?xml version="1.0" encoding="UTF-8"?>
<!-- Generated by org.testng.reporters.JUnitXMLReporter -->
<testsuite ignored="0" hostname="DESKTOP-V0C9TJK" failures="1" tests="1" name="Test" time="9.035" errors="0" timestamp="2025-05-30T16:39:25 IST">
  <testcase classname="base.BaseTest" name="@AfterMethod tearDown" time="1.363">
    <failure type="java.lang.NullPointerException" message="Cannot invoke &amp;quot;com.aventstack.extentreports.ExtentTest.fail(String, com.aventstack.extentreports.model.Media)&amp;quot; because &amp;quot;base.BaseTest.test&amp;quot; is null">
      <![CDATA[java.lang.NullPointerException: Cannot invoke "com.aventstack.extentreports.ExtentTest.fail(String, com.aventstack.extentreports.model.Media)" because "base.BaseTest.test" is null
at base.BaseTest.tearDown(BaseTest.java:60)
at java.base/java.util.ArrayList.forEach(ArrayList.java:1596)
... Removed 30 stack frames]]>
    </failure>
  </testcase> <!-- @AfterMethod tearDown -->
  <testcase classname="test.LoginTest" name="testValidLogin" time="1.359">
    <failure type="java.lang.NullPointerException" message="Cannot invoke &amp;quot;com.aventstack.extentreports.ExtentTest.pass(String)&amp;quot; because &amp;quot;test.LoginTest.test&amp;quot; is null">
      <![CDATA[java.lang.NullPointerException: Cannot invoke "com.aventstack.extentreports.ExtentTest.pass(String)" because "test.LoginTest.test" is null
at test.LoginTest.testValidLogin(LoginTest.java:65)
at java.base/java.util.ArrayList.forEach(ArrayList.java:1596)
... Removed 25 stack frames]]>
    </failure>
  </testcase> <!-- testValidLogin -->
</testsuite> <!-- Test -->
