<?xml version="1.0" encoding="UTF-8"?>
<testng-results ignored="0" total="1" passed="1" failed="0" skipped="0">
  <reporter-output>
  </reporter-output>
  <suite started-at="2025-05-30T15:59:11 IST" name="Suite" finished-at="2025-05-30T15:59:20 IST" duration-ms="9565">
    <groups>
    </groups>
    <test started-at="2025-05-30T15:59:11 IST" name="Test" finished-at="2025-05-30T15:59:20 IST" duration-ms="9565">
      <class name="test.LoginTest">
        <test-method is-config="true" signature="setupReport()[pri:0, instance:test.LoginTest@710f4dc7]" started-at="2025-05-30T15:59:10 IST" name="setupReport" finished-at="2025-05-30T15:59:11 IST" duration-ms="836" status="PASS">
          <reporter-output>
          </reporter-output>
        </test-method> <!-- setupReport -->
        <test-method is-config="true" signature="setup()[pri:0, instance:test.LoginTest@710f4dc7]" started-at="2025-05-30T15:59:11 IST" name="setup" finished-at="2025-05-30T15:59:17 IST" duration-ms="6135" status="PASS">
          <reporter-output>
          </reporter-output>
        </test-method> <!-- setup -->
        <test-method signature="testValidLogin(java.lang.String,java.lang.String)[pri:0, instance:test.LoginTest@710f4dc7]" started-at="2025-05-30T15:59:17 IST" name="testValidLogin" finished-at="2025-05-30T15:59:20 IST" duration-ms="2997" status="PASS">
          <params>
            <param index="0">
              <value>
                <![CDATA[admin@yourstore.com]]>
              </value>
            </param>
            <param index="1">
              <value>
                <![CDATA[admin]]>
              </value>
            </param>
          </params>
          <reporter-output>
          </reporter-output>
        </test-method> <!-- testValidLogin -->
        <test-method is-config="true" signature="tearDown(org.testng.ITestResult)[pri:0, instance:test.LoginTest@710f4dc7]" started-at="2025-05-30T15:59:20 IST" name="tearDown" finished-at="2025-05-30T15:59:20 IST" duration-ms="373" status="PASS">
          <params>
            <param index="0">
              <value>
                <![CDATA[[TestResult name=testValidLogin status=SUCCESS method=LoginTest.testValidLogin(java.lang.String,java.lang.String)[pri:0, instance:test.LoginTest@710f4dc7] output={null}]]]>
              </value>
            </param>
          </params>
          <reporter-output>
          </reporter-output>
        </test-method> <!-- tearDown -->
        <test-method is-config="true" signature="teardownReports()[pri:0, instance:test.LoginTest@710f4dc7]" started-at="2025-05-30T15:59:21 IST" name="teardownReports" finished-at="2025-05-30T15:59:28 IST" duration-ms="7472" status="PASS">
          <reporter-output>
          </reporter-output>
        </test-method> <!-- teardownReports -->
      </class> <!-- test.LoginTest -->
    </test> <!-- Test -->
  </suite> <!-- Suite -->
</testng-results>
